<?xml version="1.0" encoding="UTF-8"?>
<!-- Generated by org.testng.reporters.JUnitReportReporter -->
<testsuite hostname="CDC313540" name="TestNg.NewTest" tests="1" failures="0" timestamp="1 Dec 2016 06:17:57 GMT" time="0.012" errors="0">
  <testcase name="f" time="0.012" classname="TestNg.NewTest"/>
</testsuite> <!-- TestNg.NewTest -->
